{
  error: Error: listen EADDRINUSE: address already in use :::8500
      at Server.setupListenHandle [as _listen2] (node:net:1740:16)
      at listenInCluster (node:net:1788:12)
      at Server.listen (node:net:1876:7)
      at Function.listen (/Users/harihara.manibalan/Documents/etagers/hrms-etagers/hrms-services/node_modules/express/lib/application.js:635:24)
      at Object.<anonymous> (/Users/harihara.manibalan/Documents/etagers/hrms-etagers/hrms-services/app.js:12:8)
      at Module._compile (node:internal/modules/cjs/loader:1254:14)
      at Module._extensions..js (node:internal/modules/cjs/loader:1308:10)
      at Module.load (node:internal/modules/cjs/loader:1117:32)
      at Module._load (node:internal/modules/cjs/loader:958:12)
      at Function.executeUserEntryPoint [as runMain] (node:internal/modules/run_main:81:12) {
    code: 'EADDRINUSE',
    errno: -48,
    syscall: 'listen',
    address: '::',
    port: 8500
  },
  level: 'error',
  message: 'uncaughtException: listen EADDRINUSE: address already in use :::8500\n' +
    'Error: listen EADDRINUSE: address already in use :::8500\n' +
    '    at Server.setupListenHandle [as _listen2] (node:net:1740:16)\n' +
    '    at listenInCluster (node:net:1788:12)\n' +
    '    at Server.listen (node:net:1876:7)\n' +
    '    at Function.listen (/Users/harihara.manibalan/Documents/etagers/hrms-etagers/hrms-services/node_modules/express/lib/application.js:635:24)\n' +
    '    at Object.<anonymous> (/Users/harihara.manibalan/Documents/etagers/hrms-etagers/hrms-services/app.js:12:8)\n' +
    '    at Module._compile (node:internal/modules/cjs/loader:1254:14)\n' +
    '    at Module._extensions..js (node:internal/modules/cjs/loader:1308:10)\n' +
    '    at Module.load (node:internal/modules/cjs/loader:1117:32)\n' +
    '    at Module._load (node:internal/modules/cjs/loader:958:12)\n' +
    '    at Function.executeUserEntryPoint [as runMain] (node:internal/modules/run_main:81:12)',
  stack: 'Error: listen EADDRINUSE: address already in use :::8500\n' +
    '    at Server.setupListenHandle [as _listen2] (node:net:1740:16)\n' +
    '    at listenInCluster (node:net:1788:12)\n' +
    '    at Server.listen (node:net:1876:7)\n' +
    '    at Function.listen (/Users/harihara.manibalan/Documents/etagers/hrms-etagers/hrms-services/node_modules/express/lib/application.js:635:24)\n' +
    '    at Object.<anonymous> (/Users/harihara.manibalan/Documents/etagers/hrms-etagers/hrms-services/app.js:12:8)\n' +
    '    at Module._compile (node:internal/modules/cjs/loader:1254:14)\n' +
    '    at Module._extensions..js (node:internal/modules/cjs/loader:1308:10)\n' +
    '    at Module.load (node:internal/modules/cjs/loader:1117:32)\n' +
    '    at Module._load (node:internal/modules/cjs/loader:958:12)\n' +
    '    at Function.executeUserEntryPoint [as runMain] (node:internal/modules/run_main:81:12)',
  exception: true,
  date: 'Tue Nov 28 2023 22:12:18 GMT+0530 (India Standard Time)',
  process: {
    pid: 81268,
    uid: 504,
    gid: 20,
    cwd: '/Users/harihara.manibalan/Documents/etagers/hrms-etagers/hrms-services',
    execPath: '/usr/local/bin/node',
    version: 'v18.15.0',
    argv: [
      '/usr/local/bin/node',
      '/Users/harihara.manibalan/Documents/etagers/hrms-etagers/hrms-services/app.js'
    ],
    memoryUsage: {
      rss: 76431360,
      heapTotal: 36241408,
      heapUsed: 20276368,
      external: 1086684,
      arrayBuffers: 206654
    }
  },
  os: {
    loadavg: [ 4.6455078125, 4.53564453125, 3.81005859375 ],
    uptime: 221558
  },
  trace: [
    {
      column: 16,
      file: 'node:net',
      function: 'Server.setupListenHandle [as _listen2]',
      line: 1740,
      method: 'setupListenHandle [as _listen2]',
      native: false
    },
    {
      column: 12,
      file: 'node:net',
      function: 'listenInCluster',
      line: 1788,
      method: null,
      native: false
    },
    {
      column: 7,
      file: 'node:net',
      function: 'Server.listen',
      line: 1876,
      method: 'listen',
      native: false
    },
    {
      column: 24,
      file: '/Users/harihara.manibalan/Documents/etagers/hrms-etagers/hrms-services/node_modules/express/lib/application.js',
      function: 'Function.listen',
      line: 635,
      method: 'listen',
      native: false
    },
    {
      column: 8,
      file: '/Users/harihara.manibalan/Documents/etagers/hrms-etagers/hrms-services/app.js',
      function: null,
      line: 12,
      method: null,
      native: false
    },
    {
      column: 14,
      file: 'node:internal/modules/cjs/loader',
      function: 'Module._compile',
      line: 1254,
      method: '_compile',
      native: false
    },
    {
      column: 10,
      file: 'node:internal/modules/cjs/loader',
      function: 'Module._extensions..js',
      line: 1308,
      method: '.js',
      native: false
    },
    {
      column: 32,
      file: 'node:internal/modules/cjs/loader',
      function: 'Module.load',
      line: 1117,
      method: 'load',
      native: false
    },
    {
      column: 12,
      file: 'node:internal/modules/cjs/loader',
      function: 'Module._load',
      line: 958,
      method: '_load',
      native: false
    },
    {
      column: 12,
      file: 'node:internal/modules/run_main',
      function: 'Function.executeUserEntryPoint [as runMain]',
      line: 81,
      method: 'executeUserEntryPoint [as runMain]',
      native: false
    }
  ],
  timestamp: '2023-11-28 22:12:18'
}
